Сборка начата 02.12.2021 17:29:05.
Уровень детализации журнала: Normal.     1>Проект "D:\study\2 курс\КСИС\ЛР 7\lab7\lab7\lab7.vcxproj" в узле 2 (целевые объекты Build).
     1>InitializeBuildStatus:
         Создание "Debug\lab7.tlog\unsuccessfulbuild", так как было задано "AlwaysCreate".
       ClCompile:
         C:\Program Files (x86)\Microsoft Visual Studio\2019\Community\VC\Tools\MSVC\14.29.30133\bin\HostX86\x86\CL.exe /c /ZI /JMC /nologo /W3 /WX- /diagnostics:column /sdl /Od /Oy- /D WIN32 /D _DEBUG /D _CONSOLE /D _UNICODE /D UNICODE /Gm- /EHsc /RTC1 /MDd /GS /fp:precise /permissive- /Zc:wchar_t /Zc:forScope /Zc:inline /Fo"Debug\\" /Fd"Debug\vc142.pdb" /external:W3 /Gd /TP /analyze- /FC /errorReport:prompt lab7.cpp
         lab7.cpp
     1>D:\study\2 курс\КСИС\ЛР 7\lab7\lab7\lab7.cpp(14,1): warning C4005: IP_DEST_NET_UNREACHABLE: изменение макроопределения
       C:\Program Files (x86)\Windows Kits\10\Include\10.0.19041.0\um\ipexport.h(173): message : см. предыдущее определение "IP_DEST_NET_UNREACHABLE"
     1>D:\study\2 курс\КСИС\ЛР 7\lab7\lab7\lab7.cpp(15,1): warning C4005: IP_DEST_HOST_UNREACHABLE: изменение макроопределения
       C:\Program Files (x86)\Windows Kits\10\Include\10.0.19041.0\um\ipexport.h(174): message : см. предыдущее определение "IP_DEST_HOST_UNREACHABLE"
     1>D:\study\2 курс\КСИС\ЛР 7\lab7\lab7\lab7.cpp(16,1): warning C4005: IP_DEST_PROT_UNREACHABLE: изменение макроопределения
       C:\Program Files (x86)\Windows Kits\10\Include\10.0.19041.0\um\ipexport.h(175): message : см. предыдущее определение "IP_DEST_PROT_UNREACHABLE"
     1>D:\study\2 курс\КСИС\ЛР 7\lab7\lab7\lab7.cpp(17,1): warning C4005: IP_DEST_PORT_UNREACHABLE: изменение макроопределения
       C:\Program Files (x86)\Windows Kits\10\Include\10.0.19041.0\um\ipexport.h(176): message : см. предыдущее определение "IP_DEST_PORT_UNREACHABLE"
     1>D:\study\2 курс\КСИС\ЛР 7\lab7\lab7\lab7.cpp(18,1): warning C4005: IP_REQ_TIMED_OUT: изменение макроопределения
       C:\Program Files (x86)\Windows Kits\10\Include\10.0.19041.0\um\ipexport.h(181): message : см. предыдущее определение "IP_REQ_TIMED_OUT"
     1>D:\study\2 курс\КСИС\ЛР 7\lab7\lab7\lab7.cpp(19,1): warning C4005: IP_BAD_REQ: изменение макроопределения
       C:\Program Files (x86)\Windows Kits\10\Include\10.0.19041.0\um\ipexport.h(182): message : см. предыдущее определение "IP_BAD_REQ"
     1>D:\study\2 курс\КСИС\ЛР 7\lab7\lab7\lab7.cpp(20,1): warning C4005: IP_BAD_ROUTE: изменение макроопределения
       C:\Program Files (x86)\Windows Kits\10\Include\10.0.19041.0\um\ipexport.h(183): message : см. предыдущее определение "IP_BAD_ROUTE"
     1>D:\study\2 курс\КСИС\ЛР 7\lab7\lab7\lab7.cpp(21,1): warning C4005: IP_TTL_EXPIRED_TRANSIT: изменение макроопределения
       C:\Program Files (x86)\Windows Kits\10\Include\10.0.19041.0\um\ipexport.h(184): message : см. предыдущее определение "IP_TTL_EXPIRED_TRANSIT"
       Link:
         C:\Program Files (x86)\Microsoft Visual Studio\2019\Community\VC\Tools\MSVC\14.29.30133\bin\HostX86\x86\link.exe /ERRORREPORT:PROMPT /OUT:"D:\study\2 курс\КСИС\ЛР 7\lab7\Debug\lab7.exe" /INCREMENTAL /ILK:"Debug\lab7.ilk" /NOLOGO kernel32.lib user32.lib gdi32.lib winspool.lib comdlg32.lib advapi32.lib shell32.lib ole32.lib oleaut32.lib uuid.lib odbc32.lib odbccp32.lib /MANIFEST /MANIFESTUAC:"level='asInvoker' uiAccess='false'" /manifest:embed /DEBUG /PDB:"D:\study\2 курс\КСИС\ЛР 7\lab7\Debug\lab7.pdb" /SUBSYSTEM:CONSOLE /TLBID:1 /DYNAMICBASE /NXCOMPAT /IMPLIB:"D:\study\2 курс\КСИС\ЛР 7\lab7\Debug\lab7.lib" /MACHINE:X86 Debug\lab7.obj
         lab7.vcxproj -> D:\study\2 курс\КСИС\ЛР 7\lab7\Debug\lab7.exe
       FinalizeBuildStatus:
         Файл "Debug\lab7.tlog\unsuccessfulbuild" удаляется.
         Обращение к "Debug\lab7.tlog\lab7.lastbuildstate".
     1>Сборка проекта "D:\study\2 курс\КСИС\ЛР 7\lab7\lab7\lab7.vcxproj" завершена (целевые объекты Build).

Сборка успешно завершена.

       "D:\study\2 курс\КСИС\ЛР 7\lab7\lab7\lab7.vcxproj" (целевой объект Build ) (1) ->
       (Целевой объект ClCompile) -> 
         D:\study\2 курс\КСИС\ЛР 7\lab7\lab7\lab7.cpp(14,1): warning C4005: IP_DEST_NET_UNREACHABLE: изменение макроопределения
         D:\study\2 курс\КСИС\ЛР 7\lab7\lab7\lab7.cpp(15,1): warning C4005: IP_DEST_HOST_UNREACHABLE: изменение макроопределения
         D:\study\2 курс\КСИС\ЛР 7\lab7\lab7\lab7.cpp(16,1): warning C4005: IP_DEST_PROT_UNREACHABLE: изменение макроопределения
         D:\study\2 курс\КСИС\ЛР 7\lab7\lab7\lab7.cpp(17,1): warning C4005: IP_DEST_PORT_UNREACHABLE: изменение макроопределения
         D:\study\2 курс\КСИС\ЛР 7\lab7\lab7\lab7.cpp(18,1): warning C4005: IP_REQ_TIMED_OUT: изменение макроопределения
         D:\study\2 курс\КСИС\ЛР 7\lab7\lab7\lab7.cpp(19,1): warning C4005: IP_BAD_REQ: изменение макроопределения
         D:\study\2 курс\КСИС\ЛР 7\lab7\lab7\lab7.cpp(20,1): warning C4005: IP_BAD_ROUTE: изменение макроопределения
         D:\study\2 курс\КСИС\ЛР 7\lab7\lab7\lab7.cpp(21,1): warning C4005: IP_TTL_EXPIRED_TRANSIT: изменение макроопределения

    Предупреждений: 8
    Ошибок: 0

Прошло времени 00:00:01.93
