Сборка начата 02.12.2021 17:27:30.
Уровень детализации журнала: Normal.     1>Проект "D:\study\2 курс\КСИС\ЛР 8\lab8\lab8\lab8.vcxproj" в узле 2 (целевые объекты Build).
     1>InitializeBuildStatus:
         Обращение к "Debug\lab8.tlog\unsuccessfulbuild".
       ClCompile:
         C:\Program Files (x86)\Microsoft Visual Studio\2019\Community\VC\Tools\MSVC\14.29.30133\bin\HostX86\x86\CL.exe /c /ZI /JMC /nologo /W3 /WX- /diagnostics:column /sdl /Od /Oy- /D WIN32 /D _DEBUG /D _CONSOLE /D _UNICODE /D UNICODE /Gm- /EHsc /RTC1 /MDd /GS /fp:precise /permissive- /Zc:wchar_t /Zc:forScope /Zc:inline /Fo"Debug\\" /Fd"Debug\vc142.pdb" /external:W3 /Gd /TP /analyze- /FC /errorReport:prompt lab8.cpp
         lab8.cpp
     1>D:\study\2 курс\КСИС\ЛР 8\lab8\lab8\lab8.cpp(177,34): warning C4244: +=: преобразование "double" в "unsigned int", возможна потеря данных
     1>D:\study\2 курс\КСИС\ЛР 8\lab8\lab8\lab8.cpp(202,20): warning C4018: <: несоответствие типов со знаком и без знака
     1>D:\study\2 курс\КСИС\ЛР 8\lab8\lab8\lab8.cpp(276,13): warning C4101: a: неиспользованная локальная переменная
       Link:
         C:\Program Files (x86)\Microsoft Visual Studio\2019\Community\VC\Tools\MSVC\14.29.30133\bin\HostX86\x86\link.exe /ERRORREPORT:PROMPT /OUT:"D:\study\2 курс\КСИС\ЛР 8\lab8\Debug\lab8.exe" /INCREMENTAL /ILK:"Debug\lab8.ilk" /NOLOGO kernel32.lib user32.lib gdi32.lib winspool.lib comdlg32.lib advapi32.lib shell32.lib ole32.lib oleaut32.lib uuid.lib odbc32.lib odbccp32.lib /MANIFEST /MANIFESTUAC:"level='asInvoker' uiAccess='false'" /manifest:embed /DEBUG /PDB:"D:\study\2 курс\КСИС\ЛР 8\lab8\Debug\lab8.pdb" /SUBSYSTEM:CONSOLE /TLBID:1 /DYNAMICBASE /NXCOMPAT /IMPLIB:"D:\study\2 курс\КСИС\ЛР 8\lab8\Debug\lab8.lib" /MACHINE:X86 Debug\lab8.obj
         lab8.vcxproj -> D:\study\2 курс\КСИС\ЛР 8\lab8\Debug\lab8.exe
       FinalizeBuildStatus:
         Файл "Debug\lab8.tlog\unsuccessfulbuild" удаляется.
         Обращение к "Debug\lab8.tlog\lab8.lastbuildstate".
     1>Сборка проекта "D:\study\2 курс\КСИС\ЛР 8\lab8\lab8\lab8.vcxproj" завершена (целевые объекты Build).

Сборка успешно завершена.

       "D:\study\2 курс\КСИС\ЛР 8\lab8\lab8\lab8.vcxproj" (целевой объект Build ) (1) ->
       (Целевой объект ClCompile) -> 
         D:\study\2 курс\КСИС\ЛР 8\lab8\lab8\lab8.cpp(177,34): warning C4244: +=: преобразование "double" в "unsigned int", возможна потеря данных
         D:\study\2 курс\КСИС\ЛР 8\lab8\lab8\lab8.cpp(202,20): warning C4018: <: несоответствие типов со знаком и без знака
         D:\study\2 курс\КСИС\ЛР 8\lab8\lab8\lab8.cpp(276,13): warning C4101: a: неиспользованная локальная переменная

    Предупреждений: 3
    Ошибок: 0

Прошло времени 00:00:02.92
